<?xml version="1.0" encoding="UTF-8"?>
<testsuite name="test.LoginTest" tests="4" skipped="0" failures="0" errors="0" timestamp="2019-12-16T19:47:32" hostname="INOTE322" time="6.551">
  <properties/>
  <testcase name="validarLoginComSucesso" classname="test.LoginTest" time="2.833"/>
  <testcase name="validarLoginComFalha" classname="test.LoginTest" time="0.693"/>
  <testcase name="validarLoginComSucesso" classname="test.LoginTest" time="0.581"/>
  <testcase name="validarLoginComFalha" classname="test.LoginTest" time="0.652"/>
  <system-out><![CDATA[Request method:	POST
Request URI:	http://algamoneyapi-env.98hpppxyzr.us-east-1.elasticbeanstalk.com:80/oauth/token
Proxy:			<none>
Request params:	<none>
Query params:	<none>
Form params:	password=admin
				grant_type=password
				username=admin
Path params:	<none>
Headers:		Authorization=Basic YW5ndWxhcjpAbmd1bEByMA==
				Accept=*/*
				Content-Type=application/x-www-form-urlencoded; charset=ISO-8859-1
Cookies:		<none>
Multiparts:		<none>
Body:			<none>
Request method:	POST
Request URI:	http://algamoneyapi-env.98hpppxyzr.us-east-1.elasticbeanstalk.com:80/oauth/token
Proxy:			<none>
Request params:	<none>
Query params:	<none>
Form params:	password=1234
				grant_type=password
				username=admin
Path params:	<none>
Headers:		Authorization=Basic YW5ndWxhcjpAbmd1bEByMA==
				Accept=*/*
				Content-Type=application/x-www-form-urlencoded; charset=ISO-8859-1
Cookies:		<none>
Multiparts:		<none>
Body:			<none>
Request method:	POST
Request URI:	http://algamoneyapi-env.98hpppxyzr.us-east-1.elasticbeanstalk.com:80/oauth/token
Proxy:			<none>
Request params:	<none>
Query params:	<none>
Form params:	password=admin
				grant_type=password
				username=admin
Path params:	<none>
Headers:		Authorization=Basic YW5ndWxhcjpAbmd1bEByMA==
				Accept=*/*
				Content-Type=application/x-www-form-urlencoded; charset=ISO-8859-1
Cookies:		<none>
Multiparts:		<none>
Body:			<none>
Request method:	POST
Request URI:	http://algamoneyapi-env.98hpppxyzr.us-east-1.elasticbeanstalk.com:80/oauth/token
Proxy:			<none>
Request params:	<none>
Query params:	<none>
Form params:	password=1234
				grant_type=password
				username=admin
Path params:	<none>
Headers:		Authorization=Basic YW5ndWxhcjpAbmd1bEByMA==
				Accept=*/*
				Content-Type=application/x-www-form-urlencoded; charset=ISO-8859-1
Cookies:		<none>
Multiparts:		<none>
Body:			<none>
]]></system-out>
  <system-err><![CDATA[]]></system-err>
</testsuite>
