<?xml version="1.0" encoding="UTF-8"?>
<testsuite name="test.ConsultaPessoaTest" tests="2" skipped="0" failures="0" errors="0" timestamp="2019-12-16T19:47:36" hostname="INOTE322" time="4.186">
  <properties/>
  <testcase name="buscarPessoa" classname="test.ConsultaPessoaTest" time="1.784"/>
  <testcase name="buscarPessoa" classname="test.ConsultaPessoaTest" time="1.162"/>
  <system-out><![CDATA[Request method:	POST
Request URI:	http://algamoneyapi-env.98hpppxyzr.us-east-1.elasticbeanstalk.com:80/oauth/token
Proxy:			<none>
Request params:	<none>
Query params:	<none>
Form params:	password=admin
				grant_type=password
				username=admin
Path params:	<none>
Headers:		Authorization=Basic YW5ndWxhcjpAbmd1bEByMA==
				Accept=*/*
				Content-Type=application/x-www-form-urlencoded; charset=ISO-8859-1
Cookies:		<none>
Multiparts:		<none>
Body:			<none>
Request method:	POST
Request URI:	http://algamoneyapi-env.98hpppxyzr.us-east-1.elasticbeanstalk.com:80/oauth/token
Proxy:			<none>
Request params:	<none>
Query params:	<none>
Form params:	password=admin
				grant_type=password
				username=admin
Path params:	<none>
Headers:		Authorization=Basic YW5ndWxhcjpAbmd1bEByMA==
				Accept=*/*
				Content-Type=application/x-www-form-urlencoded; charset=ISO-8859-1
Cookies:		<none>
Multiparts:		<none>
Body:			<none>
]]></system-out>
  <system-err><![CDATA[]]></system-err>
</testsuite>
